<?xml version="1.0" encoding="UTF-8"?>
<!-- Generated by org.testng.reporters.JUnitXMLReporter -->
<testsuite hostname="WBCNODE40" failures="1" tests="1" name="Test" time="28.236" errors="0" timestamp="17 Feb 2021 06:15:17 GMT">
  <testcase classname="TestScripts.TestCases" name="loginPageTest" time="24.003">
    <failure type="java.lang.AssertionError" message="expected [Educational resource saved successfully.] but found []">
      <![CDATA[java.lang.AssertionError: expected [Educational resource saved successfully.] but found []
	at TestScripts.TestCases.loginPageTest(TestCases.java:99)
... Removed 29 stack frames]]>
    </failure>
  </testcase> <!-- loginPageTest -->
</testsuite> <!-- Test -->
