<?xml version="1.0" encoding="UTF-8"?>
<testng-results total="1" passed="1" failed="0" skipped="0">
  <reporter-output>
  </reporter-output>
  <suite started-at="2021-02-15T12:55:19Z" name="Suite" finished-at="2021-02-15T12:55:45Z" duration-ms="26621">
    <groups>
    </groups>
    <test started-at="2021-02-15T12:55:19Z" name="Test" finished-at="2021-02-15T12:55:45Z" duration-ms="26621">
      <class name="TestScripts.TestCases">
        <test-method is-config="true" signature="BeforeSuite()[pri:0, instance:TestScripts.TestCases@25fb8912]" started-at="2021-02-15T18:25:18Z" name="BeforeSuite" finished-at="2021-02-15T18:25:19Z" duration-ms="187" status="PASS">
          <reporter-output>
          </reporter-output>
        </test-method> <!-- BeforeSuite -->
        <test-method is-config="true" signature="setup()[pri:0, instance:TestScripts.TestCases@25fb8912]" started-at="2021-02-15T18:25:19Z" name="setup" finished-at="2021-02-15T18:25:21Z" duration-ms="2606" status="PASS">
          <reporter-output>
          </reporter-output>
        </test-method> <!-- setup -->
        <test-method signature="loginPageTest()[pri:0, instance:TestScripts.TestCases@25fb8912]" started-at="2021-02-15T18:25:21Z" name="loginPageTest" finished-at="2021-02-15T18:25:41Z" duration-ms="19834" status="PASS">
          <reporter-output>
          </reporter-output>
        </test-method> <!-- loginPageTest -->
        <test-method is-config="true" signature="tearDown()[pri:0, instance:TestScripts.TestCases@25fb8912]" started-at="2021-02-15T18:25:41Z" name="tearDown" finished-at="2021-02-15T18:25:45Z" duration-ms="4169" status="PASS">
          <reporter-output>
          </reporter-output>
        </test-method> <!-- tearDown -->
        <test-method is-config="true" signature="AfterSuite()[pri:0, instance:TestScripts.TestCases@25fb8912]" started-at="2021-02-15T18:25:45Z" name="AfterSuite" finished-at="2021-02-15T18:25:46Z" duration-ms="410" status="PASS">
          <reporter-output>
          </reporter-output>
        </test-method> <!-- AfterSuite -->
      </class> <!-- TestScripts.TestCases -->
    </test> <!-- Test -->
  </suite> <!-- Suite -->
</testng-results>
